<?xml version="1.0" encoding="UTF-8"?>
<robot generator="Robot 4.0.3 (Python 3.9.4 on win32)" generated="20210614 15:24:11.774" rpa="false" schemaversion="2">
<suite id="s1" name="Wishlist Test" source="C:\Users\shrikant.patil\PycharmProjects\WestWing_Automation\Demo\Tests\wishlist_test.robot">
<test id="s1-t1" name="Verify basic search functionality">
<kw name="Start TestCase" library="CommonFunctionality" type="SETUP">
<kw name="Log To Console" library="BuiltIn">
<arg>Opening browser</arg>
<doc>Logs the given message to the console.</doc>
<status status="PASS" starttime="20210614 15:24:12.121" endtime="20210614 15:24:12.121"/>
</kw>
<kw name="Open Browser" library="Selenium2Library">
<arg>${url}</arg>
<arg>${browser}</arg>
<doc>Opens a new browser instance to the optional ``url``.</doc>
<msg timestamp="20210614 15:24:12.121" level="INFO">Opening browser 'Chrome' to base url 'https://www.westwingnow.de/'.</msg>
<status status="PASS" starttime="20210614 15:24:12.121" endtime="20210614 15:24:19.022"/>
</kw>
<kw name="Log To Console" library="BuiltIn">
<arg>Maximizing Browser Window</arg>
<doc>Logs the given message to the console.</doc>
<status status="PASS" starttime="20210614 15:24:19.023" endtime="20210614 15:24:19.023"/>
</kw>
<kw name="Maximize Browser Window" library="Selenium2Library">
<doc>Maximizes current browser window.</doc>
<status status="PASS" starttime="20210614 15:24:19.023" endtime="20210614 15:24:19.155"/>
</kw>
<kw name="Log To Console" library="BuiltIn">
<arg>Accepting the cookies</arg>
<doc>Logs the given message to the console.</doc>
<status status="PASS" starttime="20210614 15:24:19.155" endtime="20210614 15:24:19.156"/>
</kw>
<kw name="Wait Until Page Contains Element" library="Selenium2Library">
<arg>${cookies_btn}</arg>
<arg>timeout=${timeout_seconds}</arg>
<doc>Waits until the element ``locator`` appears on the current page.</doc>
<status status="PASS" starttime="20210614 15:24:19.156" endtime="20210614 15:24:19.903"/>
</kw>
<kw name="Click Button" library="Selenium2Library">
<arg>${cookies_btn}</arg>
<doc>Clicks the button identified by ``locator``.</doc>
<msg timestamp="20210614 15:24:19.903" level="INFO">Clicking button 'xpath://*[@id="onetrust-accept-btn-handler"]'.</msg>
<status status="PASS" starttime="20210614 15:24:19.903" endtime="20210614 15:24:20.061"/>
</kw>
<status status="PASS" starttime="20210614 15:24:12.121" endtime="20210614 15:24:20.062"/>
</kw>
<kw name="Given I am on the WestwingNow home page" library="LandingPage">
<kw name="Log To Console" library="BuiltIn">
<arg>Verifying the page title</arg>
<doc>Logs the given message to the console.</doc>
<status status="PASS" starttime="20210614 15:24:20.064" endtime="20210614 15:24:20.064"/>
</kw>
<kw name="Title Should Be" library="Selenium2Library">
<arg>${title}</arg>
<doc>Verifies that the current page title equals ``title``.</doc>
<msg timestamp="20210614 15:24:20.078" level="INFO">Page title is 'Ihr Möbel &amp; Interior Online-Shop | WestwingNow'.</msg>
<status status="PASS" starttime="20210614 15:24:20.065" endtime="20210614 15:24:20.078"/>
</kw>
<status status="PASS" starttime="20210614 15:24:20.063" endtime="20210614 15:24:20.078"/>
</kw>
<kw name="When I search for item ${searchitem}" library="HeaderPage" sourcename="I search for item ${searchitem}">
<kw name="Log To Console" library="BuiltIn">
<arg>Searching the item</arg>
<arg>${searchitem}</arg>
<doc>Logs the given message to the console.</doc>
<status status="PASS" starttime="20210614 15:24:20.080" endtime="20210614 15:24:20.080"/>
</kw>
<kw name="Input Text" library="Selenium2Library">
<arg>${search_box}</arg>
<arg>${searchitem}</arg>
<doc>Types the given ``text`` into the text field identified by ``locator``.</doc>
<msg timestamp="20210614 15:24:20.081" level="INFO">Typing text 'möbel' into text field 'xpath://input[@type='search']'.</msg>
<status status="PASS" starttime="20210614 15:24:20.081" endtime="20210614 15:24:20.533"/>
</kw>
<kw name="Press Keys" library="Selenium2Library">
<arg>${search_box}</arg>
<arg>ENTER</arg>
<doc>Simulates the user pressing key(s) to an element or on the active browser.</doc>
<msg timestamp="20210614 15:24:20.535" level="INFO">Sending key(s) ('ENTER',) to xpath://input[@type='search'] element.</msg>
<msg timestamp="20210614 15:24:20.917" level="INFO">Pressing special key ENTER to element.</msg>
<msg timestamp="20210614 15:24:20.917" level="INFO">Releasing special key ENTER.</msg>
<status status="PASS" starttime="20210614 15:24:20.533" endtime="20210614 15:24:20.943"/>
</kw>
<status status="PASS" starttime="20210614 15:24:20.079" endtime="20210614 15:24:20.943"/>
</kw>
<kw name="Then I should see the login/registration overlay" library="LandingPage">
<kw name="Log To Console" library="BuiltIn">
<arg>Verifying if the login window is displayed</arg>
<doc>Logs the given message to the console.</doc>
<status status="PASS" starttime="20210614 15:24:20.945" endtime="20210614 15:24:20.946"/>
</kw>
<kw name="Wait Until Element Is Visible" library="Selenium2Library">
<arg>${login_window}</arg>
<arg>timeout=${timeout_seconds}</arg>
<doc>Waits until the element ``locator`` is visible.</doc>
<status status="PASS" starttime="20210614 15:24:20.947" endtime="20210614 15:24:22.851"/>
</kw>
<status status="PASS" starttime="20210614 15:24:20.944" endtime="20210614 15:24:22.851"/>
</kw>
<kw name="And I log in with valid username and password" library="LandingPage">
<kw name="Log To Console" library="BuiltIn">
<arg>Logging in with the valid username and password</arg>
<doc>Logs the given message to the console.</doc>
<status status="PASS" starttime="20210614 15:24:22.853" endtime="20210614 15:24:22.853"/>
</kw>
<kw name="Input Text" library="Selenium2Library">
<arg>${username_txtbox}</arg>
<arg>${username}</arg>
<doc>Types the given ``text`` into the text field identified by ``locator``.</doc>
<msg timestamp="20210614 15:24:22.854" level="INFO">Typing text 'shrikant007@hotmail.com' into text field 'name:email'.</msg>
<status status="PASS" starttime="20210614 15:24:22.853" endtime="20210614 15:24:23.046"/>
</kw>
<kw name="Input Text" library="Selenium2Library">
<arg>${password_txtbox}</arg>
<arg>${password}</arg>
<doc>Types the given ``text`` into the text field identified by ``locator``.</doc>
<msg timestamp="20210614 15:24:23.047" level="INFO">Typing text 'Admin@123' into text field 'name:password'.</msg>
<status status="PASS" starttime="20210614 15:24:23.046" endtime="20210614 15:24:23.180"/>
</kw>
<kw name="Click Button" library="Selenium2Library">
<arg>${tnc_checkbox}</arg>
<doc>Clicks the button identified by ``locator``.</doc>
<msg timestamp="20210614 15:24:23.181" level="INFO">Clicking button 'xpath://input[@type='checkbox']'.</msg>
<status status="PASS" starttime="20210614 15:24:23.180" endtime="20210614 15:24:23.302"/>
</kw>
<kw name="Click Button" library="Selenium2Library">
<arg>${submit_btn}</arg>
<doc>Clicks the button identified by ``locator``.</doc>
<msg timestamp="20210614 15:24:23.302" level="INFO">Clicking button 'xpath://button[@type='submit']'.</msg>
<status status="PASS" starttime="20210614 15:24:23.302" endtime="20210614 15:24:23.392"/>
</kw>
<status status="PASS" starttime="20210614 15:24:22.852" endtime="20210614 15:24:23.392"/>
</kw>
<kw name="Then I should see product listing page with a list of products" library="SearchResultsPage">
<kw name="Log To Console" library="BuiltIn">
<arg>verifying that one or more than one products are displayed on the list page</arg>
<doc>Logs the given message to the console.</doc>
<status status="PASS" starttime="20210614 15:24:23.394" endtime="20210614 15:24:23.394"/>
</kw>
<kw name="Get Element Count" library="Selenium2Library">
<var>${listOfProducts}</var>
<arg>${list_of_products}</arg>
<doc>Returns the number of elements matching ``locator``.</doc>
<msg timestamp="20210614 15:24:23.413" level="INFO">${listOfProducts} = 90</msg>
<status status="PASS" starttime="20210614 15:24:23.394" endtime="20210614 15:24:23.413"/>
</kw>
<kw name="Should Be True" library="BuiltIn">
<arg>${listOfProducts} &gt;= 1</arg>
<doc>Fails if the given condition is not true.</doc>
<status status="PASS" starttime="20210614 15:24:23.413" endtime="20210614 15:24:23.414"/>
</kw>
<status status="PASS" starttime="20210614 15:24:23.393" endtime="20210614 15:24:23.414"/>
</kw>
<kw name="When I add the product to the wishlist" library="SearchResultsPage">
<kw name="Log To Console" library="BuiltIn">
<arg>Adding the product to wishlist</arg>
<doc>Logs the given message to the console.</doc>
<status status="PASS" starttime="20210614 15:24:23.416" endtime="20210614 15:24:23.416"/>
</kw>
<kw name="Wait Until Element Is Not Visible" library="Selenium2Library">
<arg>${login_window}</arg>
<arg>timeout=${timeout_seconds}</arg>
<doc>Waits until the element ``locator`` is not visible.</doc>
<status status="PASS" starttime="20210614 15:24:23.416" endtime="20210614 15:24:25.088"/>
</kw>
<kw name="Set Focus To Element" library="Selenium2Library">
<arg>${add_to_wishlist_icon}</arg>
<doc>Sets the focus to the element identified by ``locator``.</doc>
<status status="PASS" starttime="20210614 15:24:25.088" endtime="20210614 15:24:25.119"/>
</kw>
<kw name="Click Element" library="Selenium2Library">
<arg>${add_to_wishlist_icon}</arg>
<doc>Click the element identified by ``locator``.</doc>
<msg timestamp="20210614 15:24:25.120" level="INFO">Clicking element 'xpath://div[@data-testid='wishlist-icon']'.</msg>
<status status="PASS" starttime="20210614 15:24:25.119" endtime="20210614 15:24:25.289"/>
</kw>
<status status="PASS" starttime="20210614 15:24:23.415" endtime="20210614 15:24:25.289"/>
</kw>
<kw name="Then Product should be added to the wishlist" library="SearchResultsPage">
<kw name="Log To Console" library="BuiltIn">
<arg>verifying wishist icon on the product is filled in</arg>
<doc>Logs the given message to the console.</doc>
<status status="PASS" starttime="20210614 15:24:25.291" endtime="20210614 15:24:25.291"/>
</kw>
<kw name="Sleep" library="BuiltIn">
<arg>2</arg>
<doc>Pauses the test executed for the given time.</doc>
<msg timestamp="20210614 15:24:27.293" level="INFO">Slept 2 seconds</msg>
<status status="PASS" starttime="20210614 15:24:25.292" endtime="20210614 15:24:27.293"/>
</kw>
<kw name="Element Attribute Value Should Be" library="Selenium2Library">
<arg>${products_wishlist_icon}</arg>
<arg>data-is-selected</arg>
<arg>true</arg>
<doc>Verifies element identified by ``locator`` contains expected attribute value.</doc>
<msg timestamp="20210614 15:24:27.325" level="INFO">Element 'xpath://div[@data-testid='wishlist-icon']/*[name()='svg']' attribute 'data-is-selected' contains value 'true'.</msg>
<status status="PASS" starttime="20210614 15:24:27.293" endtime="20210614 15:24:27.325"/>
</kw>
<kw name="Wishlist counter is displayed with product 1" library="HeaderPage" sourcename="Wishlist counter is displayed with product ${number}">
<kw name="Log To Console" library="BuiltIn">
<arg>verifying wishist counter in the website header shows 1</arg>
<doc>Logs the given message to the console.</doc>
<status status="PASS" starttime="20210614 15:24:27.326" endtime="20210614 15:24:27.327"/>
</kw>
<kw name="Element Text Should Be" library="Selenium2Library">
<arg>${wishlist_counter_icon}</arg>
<arg>${number}</arg>
<doc>Verifies that element ``locator`` contains exact the text ``expected``.</doc>
<msg timestamp="20210614 15:24:27.328" level="INFO">Verifying element 'xpath://span[@data-testid='wishlist-counter']' contains exact text '1'.</msg>
<status status="PASS" starttime="20210614 15:24:27.327" endtime="20210614 15:24:27.356"/>
</kw>
<status status="PASS" starttime="20210614 15:24:27.326" endtime="20210614 15:24:27.357"/>
</kw>
<status status="PASS" starttime="20210614 15:24:25.290" endtime="20210614 15:24:27.357"/>
</kw>
<kw name="And I go to the wishlist page" library="HeaderPage">
<kw name="Log To Console" library="BuiltIn">
<arg>Clicking on wishlict icon</arg>
<doc>Logs the given message to the console.</doc>
<status status="PASS" starttime="20210614 15:24:27.358" endtime="20210614 15:24:27.359"/>
</kw>
<kw name="Click Element" library="Selenium2Library">
<arg>${wishlist_counter_icon}</arg>
<doc>Click the element identified by ``locator``.</doc>
<msg timestamp="20210614 15:24:27.359" level="INFO">Clicking element 'xpath://span[@data-testid='wishlist-counter']'.</msg>
<status status="PASS" starttime="20210614 15:24:27.359" endtime="20210614 15:24:38.686"/>
</kw>
<status status="PASS" starttime="20210614 15:24:27.358" endtime="20210614 15:24:38.686"/>
</kw>
<kw name="And I delete the product from my wishlist" library="WishListPage">
<kw name="Log To Console" library="BuiltIn">
<arg>Clicking on delete the product from wishlist page</arg>
<doc>Logs the given message to the console.</doc>
<status status="PASS" starttime="20210614 15:24:38.689" endtime="20210614 15:24:38.690"/>
</kw>
<kw name="Wait Until Element Is Visible" library="Selenium2Library">
<arg>${delete_product_wishlist_link}</arg>
<arg>timeout=${timeout_seconds}</arg>
<doc>Waits until the element ``locator`` is visible.</doc>
<status status="PASS" starttime="20210614 15:24:38.690" endtime="20210614 15:24:38.724"/>
</kw>
<kw name="Click Element" library="Selenium2Library">
<arg>${delete_product_wishlist_link}</arg>
<doc>Click the element identified by ``locator``.</doc>
<msg timestamp="20210614 15:24:38.725" level="INFO">Clicking element 'xpath://ul[@class='listProducts']/li/button'.</msg>
<status status="PASS" starttime="20210614 15:24:38.724" endtime="20210614 15:24:38.793"/>
</kw>
<kw name="Wait Until Page Does Not Contain Element" library="Selenium2Library">
<arg>${delete_product_wishlist_link}</arg>
<arg>timeout=${timeout_seconds}</arg>
<doc>Waits until the element ``locator`` disappears from the current page.</doc>
<status status="PASS" starttime="20210614 15:24:38.793" endtime="20210614 15:24:39.227"/>
</kw>
<status status="PASS" starttime="20210614 15:24:38.688" endtime="20210614 15:24:39.227"/>
</kw>
<kw name="Finish TestCase" library="CommonFunctionality" type="TEARDOWN">
<kw name="Close All Browsers" library="Selenium2Library">
<doc>Closes all open browsers and resets the browser cache.</doc>
<status status="PASS" starttime="20210614 15:24:39.229" endtime="20210614 15:24:42.949"/>
</kw>
<status status="PASS" starttime="20210614 15:24:39.228" endtime="20210614 15:24:42.949"/>
</kw>
<doc>This test case verifies the basic search</doc>
<tag>Functional</tag>
<status status="PASS" starttime="20210614 15:24:12.121" endtime="20210614 15:24:42.950"/>
</test>
<doc>Basic search functionality</doc>
<status status="PASS" starttime="20210614 15:24:11.790" endtime="20210614 15:24:42.955"/>
</suite>
<statistics>
<total>
<stat pass="1" fail="0" skip="0">All Tests</stat>
</total>
<tag>
<stat pass="1" fail="0" skip="0">Functional</stat>
</tag>
<suite>
<stat pass="1" fail="0" skip="0" id="s1" name="Wishlist Test">Wishlist Test</stat>
</suite>
</statistics>
<errors>
<msg timestamp="20210614 15:24:12.090" level="ERROR">Error in file 'C:\Users\shrikant.patil\PycharmProjects\WestWing_Automation\Demo\resources\PageObjects\SearchResultsPage.robot' on line 5: Resource file '..\resources\PageObjects\LandingPage.robot' does not exist.</msg>
<msg timestamp="20210614 15:24:12.090" level="ERROR">Error in file 'C:\Users\shrikant.patil\PycharmProjects\WestWing_Automation\Demo\resources\PageObjects\SearchResultsPage.robot' on line 6: Resource file '..\resources\PageObjects\HeaderPage.robot' does not exist.</msg>
<msg timestamp="20210614 15:24:12.105" level="ERROR">Error in file 'C:\Users\shrikant.patil\PycharmProjects\WestWing_Automation\Demo\Tests\wishlist_test.robot' on line 7: Error in file 'C:\Users\shrikant.patil\PycharmProjects\WestWing_Automation\Demo\resources\PageObjects\ProductDetailsPage.robot' on line 4: Resource file with 'Test Cases' section is invalid.</msg>
</errors>
</robot>
